0 silly argv {
0 silly argv   _: [ 'create' ],
0 silly argv   lernaVersion: '3.22.1',
0 silly argv   '$0': 'lerna',
0 silly argv   name: 'upload-excel'
0 silly argv }
1 notice cli v3.22.1
2 verbose rootPath /Users/jsq/work/code/web/person/vue2-el-ui
3 error Error: canceled
3 error     at Interface.<anonymous> (/Users/jsq/work/code/web/person/vue2-el-ui/packages/common-layout/node_modules/read/lib/read.js:66:13)
3 error     at Interface.emit (events.js:375:28)
3 error     at Interface._ttyWrite (readline.js:910:16)
3 error     at ReadStream.onkeypress (readline.js:235:10)
3 error     at ReadStream.emit (events.js:375:28)
3 error     at emitKeys (internal/readline/utils.js:358:14)
3 error     at emitKeys.next (<anonymous>)
3 error     at ReadStream.onData (readline.js:1179:36)
3 error     at ReadStream.emit (events.js:375:28)
3 error     at addChunk (internal/streams/readable.js:290:12)
3 error     at readableAddChunk (internal/streams/readable.js:265:9)
3 error     at ReadStream.Readable.push (internal/streams/readable.js:204:10)
